#
# There is insufficient memory for the Java Runtime Environment to continue.
# Native memory allocation (malloc) failed to allocate 484368 bytes for Chunk::new
# Possible reasons:
#   The system is out of physical RAM or swap space
#   The process is running with CompressedOops enabled, and the Java Heap may be blocking the growth of the native heap
# Possible solutions:
#   Reduce memory load on the system
#   Increase physical memory or swap space
#   Check if swap backing store is full
#   Decrease Java heap size (-Xmx/-Xms)
#   Decrease number of Java threads
#   Decrease Java thread stack sizes (-Xss)
#   Set larger code cache with -XX:ReservedCodeCacheSize=
#   JVM is running with Unscaled Compressed Oops mode in which the Java heap is
#     placed in the first 4GB address space. The Java Heap base address is the
#     maximum limit for the native heap growth. Please use -XX:HeapBaseMinAddress
#     to set the Java Heap base and to place the Java Heap above 4GB virtual address.
# This output file may be truncated or incomplete.
#
#  Out of Memory Error (arena.cpp:191), pid=24428, tid=21400
#
# JRE version: OpenJDK Runtime Environment Temurin-17.0.9+9 (17.0.9+9) (build 17.0.9+9)
# Java VM: OpenJDK 64-Bit Server VM Temurin-17.0.9+9 (17.0.9+9, mixed mode, sharing, tiered, compressed oops, compressed class ptrs, g1 gc, windows-amd64)
# No core dump will be written. Minidumps are not enabled by default on client versions of Windows
#

---------------  S U M M A R Y ------------

Command Line: org.sonarsource.sonarlint.core.backend.cli.SonarLintServerCli

Host: Intel(R) Core(TM) i5-8265U CPU @ 1.60GHz, 8 cores, 7G,  Windows 11 , 64 bit Build 26100 (10.0.26100.4484)
Time: Sun Jul 20 01:24:30 2025 Egypt Daylight Time elapsed time: 1.878126 seconds (0d 0h 0m 1s)

---------------  T H R E A D  ---------------

Current thread (0x00000217ee769af0):  JavaThread "C2 CompilerThread1" daemon [_thread_in_native, id=21400, stack(0x000000df4d600000,0x000000df4d700000)]


Current CompileTask:
C2:   1878  696  s!   4       jdk.internal.loader.URLClassPath::getLoader (196 bytes)

Stack: [0x000000df4d600000,0x000000df4d700000]
Native frames: (J=compiled Java code, j=interpreted, Vv=VM code, C=native code)
V  [jvm.dll+0x67cf49]
V  [jvm.dll+0x83478a]
V  [jvm.dll+0x83624e]
V  [jvm.dll+0x8368b3]
V  [jvm.dll+0x247f1f]
V  [jvm.dll+0xac43c]
V  [jvm.dll+0xaca8c]
V  [jvm.dll+0x367067]
V  [jvm.dll+0x3313ba]
V  [jvm.dll+0x33085a]
V  [jvm.dll+0x21a5b1]
V  [jvm.dll+0x2199d1]
V  [jvm.dll+0x1a57cd]
V  [jvm.dll+0x2297ae]
V  [jvm.dll+0x22797c]
V  [jvm.dll+0x7e9877]
V  [jvm.dll+0x7e3c3a]
V  [jvm.dll+0x67be35]
C  [ucrtbase.dll+0x37b0]
C  [KERNEL32.DLL+0x2e8d7]
C  [ntdll.dll+0x3c34c]


---------------  P R O C E S S  ---------------

Threads class SMR info:
_java_thread_list=0x00000217ee66f7e0, length=13, elements={
0x00000217cc25eae0, 0x00000217e9a99b50, 0x00000217e9a9af90, 0x00000217e9aab4a0,
0x00000217e9aadd80, 0x00000217e9aae650, 0x00000217e9aaef20, 0x00000217e9ab0f30,
0x00000217e9ab7eb0, 0x00000217e9afd250, 0x00000217ee0da5d0, 0x00000217ee0eb080,
0x00000217ee769af0
}

Java Threads: ( => current thread )
  0x00000217cc25eae0 JavaThread "main" [_thread_in_native, id=29872, stack(0x000000df4c200000,0x000000df4c300000)]
  0x00000217e9a99b50 JavaThread "Reference Handler" daemon [_thread_blocked, id=24492, stack(0x000000df4ca00000,0x000000df4cb00000)]
  0x00000217e9a9af90 JavaThread "Finalizer" daemon [_thread_blocked, id=16824, stack(0x000000df4cb00000,0x000000df4cc00000)]
  0x00000217e9aab4a0 JavaThread "Signal Dispatcher" daemon [_thread_blocked, id=20872, stack(0x000000df4cc00000,0x000000df4cd00000)]
  0x00000217e9aadd80 JavaThread "Attach Listener" daemon [_thread_blocked, id=24456, stack(0x000000df4cd00000,0x000000df4ce00000)]
  0x00000217e9aae650 JavaThread "Service Thread" daemon [_thread_blocked, id=23692, stack(0x000000df4ce00000,0x000000df4cf00000)]
  0x00000217e9aaef20 JavaThread "Monitor Deflation Thread" daemon [_thread_blocked, id=3556, stack(0x000000df4cf00000,0x000000df4d000000)]
  0x00000217e9ab0f30 JavaThread "C2 CompilerThread0" daemon [_thread_in_native, id=27112, stack(0x000000df4d000000,0x000000df4d100000)]
  0x00000217e9ab7eb0 JavaThread "C1 CompilerThread0" daemon [_thread_blocked, id=28260, stack(0x000000df4d100000,0x000000df4d200000)]
  0x00000217e9afd250 JavaThread "Sweeper thread" daemon [_thread_blocked, id=29552, stack(0x000000df4d200000,0x000000df4d300000)]
  0x00000217ee0da5d0 JavaThread "Notification Thread" daemon [_thread_blocked, id=13756, stack(0x000000df4d300000,0x000000df4d400000)]
  0x00000217ee0eb080 JavaThread "Common-Cleaner" daemon [_thread_blocked, id=16508, stack(0x000000df4d500000,0x000000df4d600000)]
=>0x00000217ee769af0 JavaThread "C2 CompilerThread1" daemon [_thread_in_native, id=21400, stack(0x000000df4d600000,0x000000df4d700000)]

Other Threads:
  0x00000217e9a93f80 VMThread "VM Thread" [stack: 0x000000df4c900000,0x000000df4ca00000] [id=23120]
  0x00000217ee0daab0 WatcherThread [stack: 0x000000df4d400000,0x000000df4d500000] [id=9388]
  0x00000217cc2bc020 GCTaskThread "GC Thread#0" [stack: 0x000000df4c400000,0x000000df4c500000] [id=21784]
  0x00000217cc2ccbb0 ConcurrentGCThread "G1 Main Marker" [stack: 0x000000df4c500000,0x000000df4c600000] [id=27780]
  0x00000217cc2cd5d0 ConcurrentGCThread "G1 Conc#0" [stack: 0x000000df4c600000,0x000000df4c700000] [id=25152]
  0x00000217cc30e9c0 ConcurrentGCThread "G1 Refine#0" [stack: 0x000000df4c700000,0x000000df4c800000] [id=19548]
  0x00000217e9944630 ConcurrentGCThread "G1 Service" [stack: 0x000000df4c800000,0x000000df4c900000] [id=8540]

Threads with active compile tasks:
C2 CompilerThread0     1944  683       4       java.util.jar.JarFile::getEntry (35 bytes)
C2 CompilerThread1     1944  696  s!   4       jdk.internal.loader.URLClassPath::getLoader (196 bytes)

VM state: not at safepoint (normal execution)

VM Mutex/Monitor currently owned by a thread: None

Heap address: 0x0000000081e00000, size: 2018 MB, Compressed Oops mode: 32-bit

CDS archive(s) mapped at: [0x0000021780000000-0x0000021780a40000-0x0000021780a40000), size 10747904, SharedBaseAddress: 0x0000021780000000, ArchiveRelocationMode: 1.
Compressed class space mapped at: 0x0000021781000000-0x00000217c1000000, reserved size: 1073741824
Narrow klass base: 0x0000021780000000, Narrow klass shift: 0, Narrow klass range: 0x100000000

GC Precious Log:
 CPUs: 8 total, 8 available
 Memory: 8066M
 Large Page Support: Disabled
 NUMA Support: Disabled
 Compressed Oops: Enabled (32-bit)
 Heap Region Size: 1M
 Heap Min Capacity: 8M
 Heap Initial Capacity: 128M
 Heap Max Capacity: 2018M
 Pre-touch: Disabled
 Parallel Workers: 8
 Concurrent Workers: 2
 Concurrent Refinement Workers: 8
 Periodic GC: Disabled

Heap:
 garbage-first heap   total 131072K, used 13312K [0x0000000081e00000, 0x0000000100000000)
  region size 1024K, 14 young (14336K), 0 survivors (0K)
 Metaspace       used 4645K, committed 4800K, reserved 1114112K
  class space    used 485K, committed 576K, reserved 1048576K

Heap Regions: E=young(eden), S=young(survivor), O=old, HS=humongous(starts), HC=humongous(continues), CS=collection set, F=free, OA=open archive, CA=closed archive, TAMS=top-at-mark-start (previous, next)
|   0|0x0000000081e00000, 0x0000000081e00000, 0x0000000081f00000|  0%| F|  |TAMS 0x0000000081e00000, 0x0000000081e00000| Untracked 
|   1|0x0000000081f00000, 0x0000000081f00000, 0x0000000082000000|  0%| F|  |TAMS 0x0000000081f00000, 0x0000000081f00000| Untracked 
|   2|0x0000000082000000, 0x0000000082000000, 0x0000000082100000|  0%| F|  |TAMS 0x0000000082000000, 0x0000000082000000| Untracked 
|   3|0x0000000082100000, 0x0000000082100000, 0x0000000082200000|  0%| F|  |TAMS 0x0000000082100000, 0x0000000082100000| Untracked 
|   4|0x0000000082200000, 0x0000000082200000, 0x0000000082300000|  0%| F|  |TAMS 0x0000000082200000, 0x0000000082200000| Untracked 
|   5|0x0000000082300000, 0x0000000082300000, 0x0000000082400000|  0%| F|  |TAMS 0x0000000082300000, 0x0000000082300000| Untracked 
|   6|0x0000000082400000, 0x0000000082400000, 0x0000000082500000|  0%| F|  |TAMS 0x0000000082400000, 0x0000000082400000| Untracked 
|   7|0x0000000082500000, 0x0000000082500000, 0x0000000082600000|  0%| F|  |TAMS 0x0000000082500000, 0x0000000082500000| Untracked 
|   8|0x0000000082600000, 0x0000000082600000, 0x0000000082700000|  0%| F|  |TAMS 0x0000000082600000, 0x0000000082600000| Untracked 
|   9|0x0000000082700000, 0x0000000082700000, 0x0000000082800000|  0%| F|  |TAMS 0x0000000082700000, 0x0000000082700000| Untracked 
|  10|0x0000000082800000, 0x0000000082800000, 0x0000000082900000|  0%| F|  |TAMS 0x0000000082800000, 0x0000000082800000| Untracked 
|  11|0x0000000082900000, 0x0000000082900000, 0x0000000082a00000|  0%| F|  |TAMS 0x0000000082900000, 0x0000000082900000| Untracked 
|  12|0x0000000082a00000, 0x0000000082a00000, 0x0000000082b00000|  0%| F|  |TAMS 0x0000000082a00000, 0x0000000082a00000| Untracked 
|  13|0x0000000082b00000, 0x0000000082b00000, 0x0000000082c00000|  0%| F|  |TAMS 0x0000000082b00000, 0x0000000082b00000| Untracked 
|  14|0x0000000082c00000, 0x0000000082c00000, 0x0000000082d00000|  0%| F|  |TAMS 0x0000000082c00000, 0x0000000082c00000| Untracked 
|  15|0x0000000082d00000, 0x0000000082d00000, 0x0000000082e00000|  0%| F|  |TAMS 0x0000000082d00000, 0x0000000082d00000| Untracked 
|  16|0x0000000082e00000, 0x0000000082e00000, 0x0000000082f00000|  0%| F|  |TAMS 0x0000000082e00000, 0x0000000082e00000| Untracked 
|  17|0x0000000082f00000, 0x0000000082f00000, 0x0000000083000000|  0%| F|  |TAMS 0x0000000082f00000, 0x0000000082f00000| Untracked 
|  18|0x0000000083000000, 0x0000000083000000, 0x0000000083100000|  0%| F|  |TAMS 0x0000000083000000, 0x0000000083000000| Untracked 
|  19|0x0000000083100000, 0x0000000083100000, 0x0000000083200000|  0%| F|  |TAMS 0x0000000083100000, 0x0000000083100000| Untracked 
|  20|0x0000000083200000, 0x0000000083200000, 0x0000000083300000|  0%| F|  |TAMS 0x0000000083200000, 0x0000000083200000| Untracked 
|  21|0x0000000083300000, 0x0000000083300000, 0x0000000083400000|  0%| F|  |TAMS 0x0000000083300000, 0x0000000083300000| Untracked 
|  22|0x0000000083400000, 0x0000000083400000, 0x0000000083500000|  0%| F|  |TAMS 0x0000000083400000, 0x0000000083400000| Untracked 
|  23|0x0000000083500000, 0x0000000083500000, 0x0000000083600000|  0%| F|  |TAMS 0x0000000083500000, 0x0000000083500000| Untracked 
|  24|0x0000000083600000, 0x0000000083600000, 0x0000000083700000|  0%| F|  |TAMS 0x0000000083600000, 0x0000000083600000| Untracked 
|  25|0x0000000083700000, 0x0000000083700000, 0x0000000083800000|  0%| F|  |TAMS 0x0000000083700000, 0x0000000083700000| Untracked 
|  26|0x0000000083800000, 0x0000000083800000, 0x0000000083900000|  0%| F|  |TAMS 0x0000000083800000, 0x0000000083800000| Untracked 
|  27|0x0000000083900000, 0x0000000083900000, 0x0000000083a00000|  0%| F|  |TAMS 0x0000000083900000, 0x0000000083900000| Untracked 
|  28|0x0000000083a00000, 0x0000000083a00000, 0x0000000083b00000|  0%| F|  |TAMS 0x0000000083a00000, 0x0000000083a00000| Untracked 
|  29|0x0000000083b00000, 0x0000000083b00000, 0x0000000083c00000|  0%| F|  |TAMS 0x0000000083b00000, 0x0000000083b00000| Untracked 
|  30|0x0000000083c00000, 0x0000000083c00000, 0x0000000083d00000|  0%| F|  |TAMS 0x0000000083c00000, 0x0000000083c00000| Untracked 
|  31|0x0000000083d00000, 0x0000000083d00000, 0x0000000083e00000|  0%| F|  |TAMS 0x0000000083d00000, 0x0000000083d00000| Untracked 
|  32|0x0000000083e00000, 0x0000000083e00000, 0x0000000083f00000|  0%| F|  |TAMS 0x0000000083e00000, 0x0000000083e00000| Untracked 
|  33|0x0000000083f00000, 0x0000000083f00000, 0x0000000084000000|  0%| F|  |TAMS 0x0000000083f00000, 0x0000000083f00000| Untracked 
|  34|0x0000000084000000, 0x0000000084000000, 0x0000000084100000|  0%| F|  |TAMS 0x0000000084000000, 0x0000000084000000| Untracked 
|  35|0x0000000084100000, 0x0000000084100000, 0x0000000084200000|  0%| F|  |TAMS 0x0000000084100000, 0x0000000084100000| Untracked 
|  36|0x0000000084200000, 0x0000000084200000, 0x0000000084300000|  0%| F|  |TAMS 0x0000000084200000, 0x0000000084200000| Untracked 
|  37|0x0000000084300000, 0x0000000084300000, 0x0000000084400000|  0%| F|  |TAMS 0x0000000084300000, 0x0000000084300000| Untracked 
|  38|0x0000000084400000, 0x0000000084400000, 0x0000000084500000|  0%| F|  |TAMS 0x0000000084400000, 0x0000000084400000| Untracked 
|  39|0x0000000084500000, 0x0000000084500000, 0x0000000084600000|  0%| F|  |TAMS 0x0000000084500000, 0x0000000084500000| Untracked 
|  40|0x0000000084600000, 0x0000000084600000, 0x0000000084700000|  0%| F|  |TAMS 0x0000000084600000, 0x0000000084600000| Untracked 
|  41|0x0000000084700000, 0x0000000084700000, 0x0000000084800000|  0%| F|  |TAMS 0x0000000084700000, 0x0000000084700000| Untracked 
|  42|0x0000000084800000, 0x0000000084800000, 0x0000000084900000|  0%| F|  |TAMS 0x0000000084800000, 0x0000000084800000| Untracked 
|  43|0x0000000084900000, 0x0000000084900000, 0x0000000084a00000|  0%| F|  |TAMS 0x0000000084900000, 0x0000000084900000| Untracked 
|  44|0x0000000084a00000, 0x0000000084a00000, 0x0000000084b00000|  0%| F|  |TAMS 0x0000000084a00000, 0x0000000084a00000| Untracked 
|  45|0x0000000084b00000, 0x0000000084b00000, 0x0000000084c00000|  0%| F|  |TAMS 0x0000000084b00000, 0x0000000084b00000| Untracked 
|  46|0x0000000084c00000, 0x0000000084c00000, 0x0000000084d00000|  0%| F|  |TAMS 0x0000000084c00000, 0x0000000084c00000| Untracked 
|  47|0x0000000084d00000, 0x0000000084d00000, 0x0000000084e00000|  0%| F|  |TAMS 0x0000000084d00000, 0x0000000084d00000| Untracked 
|  48|0x0000000084e00000, 0x0000000084e00000, 0x0000000084f00000|  0%| F|  |TAMS 0x0000000084e00000, 0x0000000084e00000| Untracked 
|  49|0x0000000084f00000, 0x0000000084f00000, 0x0000000085000000|  0%| F|  |TAMS 0x0000000084f00000, 0x0000000084f00000| Untracked 
|  50|0x0000000085000000, 0x0000000085000000, 0x0000000085100000|  0%| F|  |TAMS 0x0000000085000000, 0x0000000085000000| Untracked 
|  51|0x0000000085100000, 0x0000000085100000, 0x0000000085200000|  0%| F|  |TAMS 0x0000000085100000, 0x0000000085100000| Untracked 
|  52|0x0000000085200000, 0x0000000085200000, 0x0000000085300000|  0%| F|  |TAMS 0x0000000085200000, 0x0000000085200000| Untracked 
|  53|0x0000000085300000, 0x0000000085300000, 0x0000000085400000|  0%| F|  |TAMS 0x0000000085300000, 0x0000000085300000| Untracked 
|  54|0x0000000085400000, 0x0000000085400000, 0x0000000085500000|  0%| F|  |TAMS 0x0000000085400000, 0x0000000085400000| Untracked 
|  55|0x0000000085500000, 0x0000000085500000, 0x0000000085600000|  0%| F|  |TAMS 0x0000000085500000, 0x0000000085500000| Untracked 
|  56|0x0000000085600000, 0x0000000085600000, 0x0000000085700000|  0%| F|  |TAMS 0x0000000085600000, 0x0000000085600000| Untracked 
|  57|0x0000000085700000, 0x0000000085700000, 0x0000000085800000|  0%| F|  |TAMS 0x0000000085700000, 0x0000000085700000| Untracked 
|  58|0x0000000085800000, 0x0000000085800000, 0x0000000085900000|  0%| F|  |TAMS 0x0000000085800000, 0x0000000085800000| Untracked 
|  59|0x0000000085900000, 0x0000000085900000, 0x0000000085a00000|  0%| F|  |TAMS 0x0000000085900000, 0x0000000085900000| Untracked 
|  60|0x0000000085a00000, 0x0000000085a00000, 0x0000000085b00000|  0%| F|  |TAMS 0x0000000085a00000, 0x0000000085a00000| Untracked 
|  61|0x0000000085b00000, 0x0000000085b00000, 0x0000000085c00000|  0%| F|  |TAMS 0x0000000085b00000, 0x0000000085b00000| Untracked 
|  62|0x0000000085c00000, 0x0000000085c00000, 0x0000000085d00000|  0%| F|  |TAMS 0x0000000085c00000, 0x0000000085c00000| Untracked 
|  63|0x0000000085d00000, 0x0000000085d00000, 0x0000000085e00000|  0%| F|  |TAMS 0x0000000085d00000, 0x0000000085d00000| Untracked 
|  64|0x0000000085e00000, 0x0000000085e00000, 0x0000000085f00000|  0%| F|  |TAMS 0x0000000085e00000, 0x0000000085e00000| Untracked 
|  65|0x0000000085f00000, 0x0000000085f00000, 0x0000000086000000|  0%| F|  |TAMS 0x0000000085f00000, 0x0000000085f00000| Untracked 
|  66|0x0000000086000000, 0x0000000086000000, 0x0000000086100000|  0%| F|  |TAMS 0x0000000086000000, 0x0000000086000000| Untracked 
|  67|0x0000000086100000, 0x0000000086100000, 0x0000000086200000|  0%| F|  |TAMS 0x0000000086100000, 0x0000000086100000| Untracked 
|  68|0x0000000086200000, 0x0000000086200000, 0x0000000086300000|  0%| F|  |TAMS 0x0000000086200000, 0x0000000086200000| Untracked 
|  69|0x0000000086300000, 0x0000000086300000, 0x0000000086400000|  0%| F|  |TAMS 0x0000000086300000, 0x0000000086300000| Untracked 
|  70|0x0000000086400000, 0x0000000086400000, 0x0000000086500000|  0%| F|  |TAMS 0x0000000086400000, 0x0000000086400000| Untracked 
|  71|0x0000000086500000, 0x0000000086500000, 0x0000000086600000|  0%| F|  |TAMS 0x0000000086500000, 0x0000000086500000| Untracked 
|  72|0x0000000086600000, 0x0000000086600000, 0x0000000086700000|  0%| F|  |TAMS 0x0000000086600000, 0x0000000086600000| Untracked 
|  73|0x0000000086700000, 0x0000000086700000, 0x0000000086800000|  0%| F|  |TAMS 0x0000000086700000, 0x0000000086700000| Untracked 
|  74|0x0000000086800000, 0x0000000086800000, 0x0000000086900000|  0%| F|  |TAMS 0x0000000086800000, 0x0000000086800000| Untracked 
|  75|0x0000000086900000, 0x0000000086900000, 0x0000000086a00000|  0%| F|  |TAMS 0x0000000086900000, 0x0000000086900000| Untracked 
|  76|0x0000000086a00000, 0x0000000086a00000, 0x0000000086b00000|  0%| F|  |TAMS 0x0000000086a00000, 0x0000000086a00000| Untracked 
|  77|0x0000000086b00000, 0x0000000086b00000, 0x0000000086c00000|  0%| F|  |TAMS 0x0000000086b00000, 0x0000000086b00000| Untracked 
|  78|0x0000000086c00000, 0x0000000086c00000, 0x0000000086d00000|  0%| F|  |TAMS 0x0000000086c00000, 0x0000000086c00000| Untracked 
|  79|0x0000000086d00000, 0x0000000086d00000, 0x0000000086e00000|  0%| F|  |TAMS 0x0000000086d00000, 0x0000000086d00000| Untracked 
|  80|0x0000000086e00000, 0x0000000086e00000, 0x0000000086f00000|  0%| F|  |TAMS 0x0000000086e00000, 0x0000000086e00000| Untracked 
|  81|0x0000000086f00000, 0x0000000086f00000, 0x0000000087000000|  0%| F|  |TAMS 0x0000000086f00000, 0x0000000086f00000| Untracked 
|  82|0x0000000087000000, 0x0000000087000000, 0x0000000087100000|  0%| F|  |TAMS 0x0000000087000000, 0x0000000087000000| Untracked 
|  83|0x0000000087100000, 0x0000000087100000, 0x0000000087200000|  0%| F|  |TAMS 0x0000000087100000, 0x0000000087100000| Untracked 
|  84|0x0000000087200000, 0x0000000087200000, 0x0000000087300000|  0%| F|  |TAMS 0x0000000087200000, 0x0000000087200000| Untracked 
|  85|0x0000000087300000, 0x0000000087300000, 0x0000000087400000|  0%| F|  |TAMS 0x0000000087300000, 0x0000000087300000| Untracked 
|  86|0x0000000087400000, 0x0000000087400000, 0x0000000087500000|  0%| F|  |TAMS 0x0000000087400000, 0x0000000087400000| Untracked 
|  87|0x0000000087500000, 0x0000000087500000, 0x0000000087600000|  0%| F|  |TAMS 0x0000000087500000, 0x0000000087500000| Untracked 
|  88|0x0000000087600000, 0x0000000087600000, 0x0000000087700000|  0%| F|  |TAMS 0x0000000087600000, 0x0000000087600000| Untracked 
|  89|0x0000000087700000, 0x0000000087700000, 0x0000000087800000|  0%| F|  |TAMS 0x0000000087700000, 0x0000000087700000| Untracked 
|  90|0x0000000087800000, 0x0000000087800000, 0x0000000087900000|  0%| F|  |TAMS 0x0000000087800000, 0x0000000087800000| Untracked 
|  91|0x0000000087900000, 0x0000000087900000, 0x0000000087a00000|  0%| F|  |TAMS 0x0000000087900000, 0x0000000087900000| Untracked 
|  92|0x0000000087a00000, 0x0000000087a00000, 0x0000000087b00000|  0%| F|  |TAMS 0x0000000087a00000, 0x0000000087a00000| Untracked 
|  93|0x0000000087b00000, 0x0000000087b00000, 0x0000000087c00000|  0%| F|  |TAMS 0x0000000087b00000, 0x0000000087b00000| Untracked 
|  94|0x0000000087c00000, 0x0000000087c00000, 0x0000000087d00000|  0%| F|  |TAMS 0x0000000087c00000, 0x0000000087c00000| Untracked 
|  95|0x0000000087d00000, 0x0000000087d00000, 0x0000000087e00000|  0%| F|  |TAMS 0x0000000087d00000, 0x0000000087d00000| Untracked 
|  96|0x0000000087e00000, 0x0000000087e00000, 0x0000000087f00000|  0%| F|  |TAMS 0x0000000087e00000, 0x0000000087e00000| Untracked 
|  97|0x0000000087f00000, 0x0000000087f00000, 0x0000000088000000|  0%| F|  |TAMS 0x0000000087f00000, 0x0000000087f00000| Untracked 
|  98|0x0000000088000000, 0x0000000088000000, 0x0000000088100000|  0%| F|  |TAMS 0x0000000088000000, 0x0000000088000000| Untracked 
|  99|0x0000000088100000, 0x0000000088100000, 0x0000000088200000|  0%| F|  |TAMS 0x0000000088100000, 0x0000000088100000| Untracked 
| 100|0x0000000088200000, 0x0000000088200000, 0x0000000088300000|  0%| F|  |TAMS 0x0000000088200000, 0x0000000088200000| Untracked 
| 101|0x0000000088300000, 0x0000000088300000, 0x0000000088400000|  0%| F|  |TAMS 0x0000000088300000, 0x0000000088300000| Untracked 
| 102|0x0000000088400000, 0x0000000088400000, 0x0000000088500000|  0%| F|  |TAMS 0x0000000088400000, 0x0000000088400000| Untracked 
| 103|0x0000000088500000, 0x0000000088500000, 0x0000000088600000|  0%| F|  |TAMS 0x0000000088500000, 0x0000000088500000| Untracked 
| 104|0x0000000088600000, 0x0000000088600000, 0x0000000088700000|  0%| F|  |TAMS 0x0000000088600000, 0x0000000088600000| Untracked 
| 105|0x0000000088700000, 0x0000000088700000, 0x0000000088800000|  0%| F|  |TAMS 0x0000000088700000, 0x0000000088700000| Untracked 
| 106|0x0000000088800000, 0x0000000088800000, 0x0000000088900000|  0%| F|  |TAMS 0x0000000088800000, 0x0000000088800000| Untracked 
| 107|0x0000000088900000, 0x0000000088900000, 0x0000000088a00000|  0%| F|  |TAMS 0x0000000088900000, 0x0000000088900000| Untracked 
| 108|0x0000000088a00000, 0x0000000088a00000, 0x0000000088b00000|  0%| F|  |TAMS 0x0000000088a00000, 0x0000000088a00000| Untracked 
| 109|0x0000000088b00000, 0x0000000088b00000, 0x0000000088c00000|  0%| F|  |TAMS 0x0000000088b00000, 0x0000000088b00000| Untracked 
| 110|0x0000000088c00000, 0x0000000088c00000, 0x0000000088d00000|  0%| F|  |TAMS 0x0000000088c00000, 0x0000000088c00000| Untracked 
| 111|0x0000000088d00000, 0x0000000088d00000, 0x0000000088e00000|  0%| F|  |TAMS 0x0000000088d00000, 0x0000000088d00000| Untracked 
| 112|0x0000000088e00000, 0x0000000088e00000, 0x0000000088f00000|  0%| F|  |TAMS 0x0000000088e00000, 0x0000000088e00000| Untracked 
| 113|0x0000000088f00000, 0x0000000088f00000, 0x0000000089000000|  0%| F|  |TAMS 0x0000000088f00000, 0x0000000088f00000| Untracked 
| 114|0x0000000089000000, 0x0000000089076500, 0x0000000089100000| 46%| E|  |TAMS 0x0000000089000000, 0x0000000089000000| Complete 
| 115|0x0000000089100000, 0x0000000089200000, 0x0000000089200000|100%| E|CS|TAMS 0x0000000089100000, 0x0000000089100000| Complete 
| 116|0x0000000089200000, 0x0000000089300000, 0x0000000089300000|100%| E|CS|TAMS 0x0000000089200000, 0x0000000089200000| Complete 
| 117|0x0000000089300000, 0x0000000089400000, 0x0000000089400000|100%| E|CS|TAMS 0x0000000089300000, 0x0000000089300000| Complete 
| 118|0x0000000089400000, 0x0000000089500000, 0x0000000089500000|100%| E|CS|TAMS 0x0000000089400000, 0x0000000089400000| Complete 
| 119|0x0000000089500000, 0x0000000089600000, 0x0000000089600000|100%| E|CS|TAMS 0x0000000089500000, 0x0000000089500000| Complete 
| 120|0x0000000089600000, 0x0000000089700000, 0x0000000089700000|100%| E|CS|TAMS 0x0000000089600000, 0x0000000089600000| Complete 
| 121|0x0000000089700000, 0x0000000089800000, 0x0000000089800000|100%| E|CS|TAMS 0x0000000089700000, 0x0000000089700000| Complete 
| 122|0x0000000089800000, 0x0000000089900000, 0x0000000089900000|100%| E|CS|TAMS 0x0000000089800000, 0x0000000089800000| Complete 
| 123|0x0000000089900000, 0x0000000089a00000, 0x0000000089a00000|100%| E|CS|TAMS 0x0000000089900000, 0x0000000089900000| Complete 
| 124|0x0000000089a00000, 0x0000000089b00000, 0x0000000089b00000|100%| E|CS|TAMS 0x0000000089a00000, 0x0000000089a00000| Complete 
| 125|0x0000000089b00000, 0x0000000089c00000, 0x0000000089c00000|100%| E|CS|TAMS 0x0000000089b00000, 0x0000000089b00000| Complete 
| 126|0x0000000089c00000, 0x0000000089d00000, 0x0000000089d00000|100%| E|CS|TAMS 0x0000000089c00000, 0x0000000089c00000| Complete 
| 127|0x0000000089d00000, 0x0000000089e00000, 0x0000000089e00000|100%| E|CS|TAMS 0x0000000089d00000, 0x0000000089d00000| Complete 

Card table byte_map: [0x00000217e2950000,0x00000217e2d50000] _byte_map_base: 0x00000217e2541000

Marking Bits (Prev, Next): (CMBitMap*) 0x00000217cc2bc640, (CMBitMap*) 0x00000217cc2bc680
 Prev Bits: [0x00000217e3150000, 0x00000217e50d8000)
 Next Bits: [0x00000217e50e0000, 0x00000217e7068000)

Polling page: 0x00000217cc310000

Metaspace:

Usage:
  Non-class:      4.06 MB used.
      Class:    485.36 KB used.
       Both:      4.54 MB used.

Virtual space:
  Non-class space:       64.00 MB reserved,       4.12 MB (  6%) committed,  1 nodes.
      Class space:        1.00 GB reserved,     576.00 KB ( <1%) committed,  1 nodes.
             Both:        1.06 GB reserved,       4.69 MB ( <1%) committed. 

Chunk freelists:
   Non-Class:  10.73 MB
       Class:  15.45 MB
        Both:  26.19 MB

MaxMetaspaceSize: unlimited
CompressedClassSpaceSize: 1.00 GB
Initial GC threshold: 21.00 MB
Current GC threshold: 21.00 MB
CDS: on
MetaspaceReclaimPolicy: balanced
 - commit_granule_bytes: 65536.
 - commit_granule_words: 8192.
 - virtual_space_node_default_size: 8388608.
 - enlarge_chunks_in_place: 1.
 - new_chunks_are_fully_committed: 0.
 - uncommit_free_chunks: 1.
 - use_allocation_guard: 0.
 - handle_deallocations: 1.


Internal statistics:

num_allocs_failed_limit: 0.
num_arena_births: 8.
num_arena_deaths: 0.
num_vsnodes_births: 2.
num_vsnodes_deaths: 0.
num_space_committed: 75.
num_space_uncommitted: 0.
num_chunks_returned_to_freelist: 0.
num_chunks_taken_from_freelist: 70.
num_chunk_merges: 0.
num_chunk_splits: 54.
num_chunks_enlarged: 48.
num_inconsistent_stats: 0.

CodeHeap 'non-profiled nmethods': size=120000Kb used=209Kb max_used=209Kb free=119791Kb
 bounds [0x00000217da6b0000, 0x00000217da920000, 0x00000217e1be0000]
CodeHeap 'profiled nmethods': size=120000Kb used=1311Kb max_used=1311Kb free=118688Kb
 bounds [0x00000217d2be0000, 0x00000217d2e50000, 0x00000217da110000]
CodeHeap 'non-nmethods': size=5760Kb used=1145Kb max_used=1162Kb free=4614Kb
 bounds [0x00000217da110000, 0x00000217da380000, 0x00000217da6b0000]
 total_blobs=1143 nmethods=710 adapters=346
 compilation: enabled
              stopped_count=0, restarted_count=0
 full_count=0

Compilation events (20 events):
Event: 1.765 Thread 0x00000217e9ab7eb0 nmethod 708 0x00000217d2d1f010 code [0x00000217d2d1f1c0, 0x00000217d2d1f448]
Event: 1.768 Thread 0x00000217ee769af0  696  s!   4       jdk.internal.loader.URLClassPath::getLoader (196 bytes)
Event: 1.770 Thread 0x00000217e9ab7eb0  709   !   3       java.util.jar.JarFile::checkForSpecialAttributes (163 bytes)
Event: 1.772 Thread 0x00000217e9ab7eb0 nmethod 709 0x00000217d2d1f610 code [0x00000217d2d1f920, 0x00000217d2d20b78]
Event: 1.778 Thread 0x00000217e9ab7eb0  710       3       java.util.jar.Attributes::getValue (9 bytes)
Event: 1.778 Thread 0x00000217e9ab7eb0 nmethod 710 0x00000217d2d21310 code [0x00000217d2d214c0, 0x00000217d2d217e8]
Event: 1.778 Thread 0x00000217e9ab7eb0  711       3       java.util.jar.Attributes::get (11 bytes)
Event: 1.778 Thread 0x00000217e9ab7eb0 nmethod 711 0x00000217d2d21910 code [0x00000217d2d21ac0, 0x00000217d2d21c88]
Event: 1.780 Thread 0x00000217e9ab7eb0  712       3       java.util.zip.ZipFile$Source::getEntryPos (9 bytes)
Event: 1.781 Thread 0x00000217e9ab7eb0 nmethod 712 0x00000217d2d21d90 code [0x00000217d2d21f20, 0x00000217d2d22058]
Event: 1.793 Thread 0x00000217e9ab7eb0  713       3       java.util.zip.ZipFile::getZipEntry (322 bytes)
Event: 1.797 Thread 0x00000217e9ab7eb0 nmethod 713 0x00000217d2d22110 code [0x00000217d2d22580, 0x00000217d2d24c98]
Event: 1.809 Thread 0x00000217e9ab7eb0  714   !   3       java.lang.ClassLoader::addClass (27 bytes)
Event: 1.810 Thread 0x00000217e9ab7eb0 nmethod 714 0x00000217d2d25b10 code [0x00000217d2d25ce0, 0x00000217d2d262a8]
Event: 1.811 Thread 0x00000217e9ab7eb0  715       3       java.security.CodeSource::<init> (52 bytes)
Event: 1.812 Thread 0x00000217e9ab7eb0 nmethod 715 0x00000217d2d26610 code [0x00000217d2d267e0, 0x00000217d2d26d78]
Event: 1.812 Thread 0x00000217e9ab7eb0  716       3       java.security.SecureClassLoader::getProtectionDomain (38 bytes)
Event: 1.812 Thread 0x00000217e9ab7eb0 nmethod 716 0x00000217d2d26e90 code [0x00000217d2d27080, 0x00000217d2d27708]
Event: 1.812 Thread 0x00000217e9ab7eb0  717       3       java.security.SecureClassLoader$CodeSourceKey::<init> (10 bytes)
Event: 1.813 Thread 0x00000217e9ab7eb0 nmethod 717 0x00000217d2d27910 code [0x00000217d2d27aa0, 0x00000217d2d27c58]

GC Heap History (0 events):
No events

Dll operation events (7 events):
Event: 0.021 Loaded shared library C:\USERS\DELL\APPDATA\LOCAL\MICROSOFT\VISUALSTUDIO\17.0_35245C42\EXTENSIONS\XQCR2GCU.THN\Sloop\jre\bin\java.dll
Event: 0.119 Loaded shared library C:\USERS\DELL\APPDATA\LOCAL\MICROSOFT\VISUALSTUDIO\17.0_35245C42\EXTENSIONS\XQCR2GCU.THN\Sloop\jre\bin\jsvml.dll
Event: 0.359 Loaded shared library C:\Users\dell\AppData\Local\Microsoft\VisualStudio\17.0_35245c42\Extensions\xqcr2gcu.thn\Sloop\jre\bin\net.dll
Event: 0.363 Loaded shared library C:\Users\dell\AppData\Local\Microsoft\VisualStudio\17.0_35245c42\Extensions\xqcr2gcu.thn\Sloop\jre\bin\nio.dll
Event: 0.371 Loaded shared library C:\Users\dell\AppData\Local\Microsoft\VisualStudio\17.0_35245c42\Extensions\xqcr2gcu.thn\Sloop\jre\bin\zip.dll
Event: 0.614 Loaded shared library C:\USERS\DELL\APPDATA\LOCAL\MICROSOFT\VISUALSTUDIO\17.0_35245C42\EXTENSIONS\XQCR2GCU.THN\Sloop\jre\bin\verify.dll
Event: 0.895 Loaded shared library C:\Users\dell\AppData\Local\Microsoft\VisualStudio\17.0_35245c42\Extensions\xqcr2gcu.thn\Sloop\jre\bin\jimage.dll

Deoptimization events (14 events):
Event: 0.415 Thread 0x00000217cc25eae0 DEOPT PACKING pc=0x00000217d2be7ee7 sp=0x000000df4c2fdcc0
Event: 0.416 Thread 0x00000217cc25eae0 DEOPT UNPACKING pc=0x00000217da167143 sp=0x000000df4c2fd0e0 mode 0
Event: 0.424 Thread 0x00000217cc25eae0 DEOPT PACKING pc=0x00000217d2be63d1 sp=0x000000df4c2fd810
Event: 0.424 Thread 0x00000217cc25eae0 DEOPT UNPACKING pc=0x00000217da167143 sp=0x000000df4c2fcc88 mode 0
Event: 1.238 Thread 0x00000217cc25eae0 Uncommon trap: trap_request=0xffffff45 fr.pc=0x00000217da6d6b9c relative=0x00000000000003fc
Event: 1.238 Thread 0x00000217cc25eae0 Uncommon trap: reason=unstable_if action=reinterpret pc=0x00000217da6d6b9c method=java.lang.StringLatin1.newString([BII)Ljava/lang/String; @ 1 c2
Event: 1.238 Thread 0x00000217cc25eae0 DEOPT PACKING pc=0x00000217da6d6b9c sp=0x000000df4c2fea40
Event: 1.238 Thread 0x00000217cc25eae0 DEOPT UNPACKING pc=0x00000217da1669a3 sp=0x000000df4c2fea08 mode 2
Event: 1.275 Thread 0x00000217cc25eae0 DEOPT PACKING pc=0x00000217d2c06abc sp=0x000000df4c2fa870
Event: 1.275 Thread 0x00000217cc25eae0 DEOPT UNPACKING pc=0x00000217da167143 sp=0x000000df4c2f9d40 mode 0
Event: 1.757 Thread 0x00000217cc25eae0 Uncommon trap: trap_request=0xffffff45 fr.pc=0x00000217da6b7564 relative=0x0000000000000064
Event: 1.757 Thread 0x00000217cc25eae0 Uncommon trap: reason=unstable_if action=reinterpret pc=0x00000217da6b7564 method=java.io.WinNTFileSystem.isSlash(C)Z @ 9 c2
Event: 1.757 Thread 0x00000217cc25eae0 DEOPT PACKING pc=0x00000217da6b7564 sp=0x000000df4c2fdb20
Event: 1.757 Thread 0x00000217cc25eae0 DEOPT UNPACKING pc=0x00000217da1669a3 sp=0x000000df4c2fdaa8 mode 2

Classes unloaded (0 events):
No events

Classes redefined (0 events):
No events

Internal exceptions (0 events):
No events

VM Operations (14 events):
Event: 0.379 Executing VM operation: HandshakeAllThreads
Event: 0.379 Executing VM operation: HandshakeAllThreads done
Event: 1.232 Executing VM operation: HandshakeAllThreads
Event: 1.232 Executing VM operation: HandshakeAllThreads done
Event: 1.232 Executing VM operation: Cleanup
Event: 1.232 Executing VM operation: Cleanup done
Event: 1.279 Executing VM operation: HandshakeAllThreads
Event: 1.279 Executing VM operation: HandshakeAllThreads done
Event: 1.473 Executing VM operation: HandshakeAllThreads
Event: 1.473 Executing VM operation: HandshakeAllThreads done
Event: 1.746 Executing VM operation: HandshakeAllThreads
Event: 1.747 Executing VM operation: HandshakeAllThreads done
Event: 1.757 Executing VM operation: HandshakeAllThreads
Event: 1.757 Executing VM operation: HandshakeAllThreads done

Events (20 events):
Event: 1.814 loading class sun/security/provider/PolicyFile$1
Event: 1.815 loading class sun/security/provider/PolicyFile$1 done
Event: 1.815 loading class sun/security/provider/PolicyFile$PolicyInfo
Event: 1.815 loading class sun/security/provider/PolicyFile$PolicyInfo done
Event: 1.815 loading class jdk/internal/access/JavaSecurityAccess$ProtectionDomainCache
Event: 1.815 loading class jdk/internal/access/JavaSecurityAccess$ProtectionDomainCache done
Event: 1.815 loading class java/security/ProtectionDomain$JavaSecurityAccessImpl$1
Event: 1.816 loading class java/security/ProtectionDomain$JavaSecurityAccessImpl$1 done
Event: 1.816 loading class sun/security/provider/PolicyFile$2
Event: 1.816 loading class sun/security/provider/PolicyFile$2 done
Event: 1.816 loading class java/nio/file/attribute/FileAttribute
Event: 1.816 loading class java/nio/file/attribute/FileAttribute done
Event: 1.816 loading class sun/nio/fs/WindowsSecurityDescriptor
Event: 1.817 loading class sun/nio/fs/WindowsSecurityDescriptor done
Event: 1.817 loading class sun/nio/fs/WindowsChannelFactory
Event: 1.817 loading class sun/nio/fs/WindowsChannelFactory done
Event: 1.817 loading class sun/nio/fs/WindowsChannelFactory$1
Event: 1.818 loading class sun/nio/fs/WindowsChannelFactory$1 done
Event: 1.818 loading class sun/nio/fs/WindowsChannelFactory$Flags
Event: 1.818 loading class sun/nio/fs/WindowsChannelFactory$Flags done


Dynamic libraries:
0x00007ff67d970000 - 0x00007ff67d97e000 	C:\USERS\DELL\APPDATA\LOCAL\MICROSOFT\VISUALSTUDIO\17.0_35245C42\EXTENSIONS\XQCR2GCU.THN\Sloop\jre\bin\java.exe
0x00007ffb80cc0000 - 0x00007ffb80f28000 	C:\WINDOWS\SYSTEM32\ntdll.dll
0x00007ffb7f6b0000 - 0x00007ffb7f779000 	C:\WINDOWS\System32\KERNEL32.DLL
0x00007ffb7e320000 - 0x00007ffb7e70d000 	C:\WINDOWS\System32\KERNELBASE.dll
0x00007ffb7de10000 - 0x00007ffb7df5b000 	C:\WINDOWS\System32\ucrtbase.dll
0x00007ffa8f220000 - 0x00007ffa8f237000 	C:\USERS\DELL\APPDATA\LOCAL\MICROSOFT\VISUALSTUDIO\17.0_35245C42\EXTENSIONS\XQCR2GCU.THN\Sloop\jre\bin\jli.dll
0x00007ffb804a0000 - 0x00007ffb8066c000 	C:\WINDOWS\System32\USER32.dll
0x00007ffb7e250000 - 0x00007ffb7e277000 	C:\WINDOWS\System32\win32u.dll
0x00007ffb7f780000 - 0x00007ffb7f7ab000 	C:\WINDOWS\System32\GDI32.dll
0x00007ffb7e890000 - 0x00007ffb7e9c7000 	C:\WINDOWS\System32\gdi32full.dll
0x00007ffb7df60000 - 0x00007ffb7e003000 	C:\WINDOWS\System32\msvcp_win.dll
0x00007ffb22c20000 - 0x00007ffb22c3b000 	C:\USERS\DELL\APPDATA\LOCAL\MICROSOFT\VISUALSTUDIO\17.0_35245C42\EXTENSIONS\XQCR2GCU.THN\Sloop\jre\bin\VCRUNTIME140.dll
0x00007ffb67ba0000 - 0x00007ffb67e3a000 	C:\WINDOWS\WinSxS\amd64_microsoft.windows.common-controls_6595b64144ccf1df_6.0.26100.4484_none_3e0e6d4ce32ef3b3\COMCTL32.dll
0x00007ffb80a00000 - 0x00007ffb80aa9000 	C:\WINDOWS\System32\msvcrt.dll
0x00007ffb7eee0000 - 0x00007ffb7ef0f000 	C:\WINDOWS\System32\IMM32.DLL
0x00007ffb22c10000 - 0x00007ffb22c1c000 	C:\USERS\DELL\APPDATA\LOCAL\MICROSOFT\VISUALSTUDIO\17.0_35245C42\EXTENSIONS\XQCR2GCU.THN\Sloop\jre\bin\vcruntime140_1.dll
0x00007ffa5ef40000 - 0x00007ffa5efcd000 	C:\USERS\DELL\APPDATA\LOCAL\MICROSOFT\VISUALSTUDIO\17.0_35245C42\EXTENSIONS\XQCR2GCU.THN\Sloop\jre\bin\msvcp140.dll
0x00007ffa5e2d0000 - 0x00007ffa5ef31000 	C:\USERS\DELL\APPDATA\LOCAL\MICROSOFT\VISUALSTUDIO\17.0_35245C42\EXTENSIONS\XQCR2GCU.THN\Sloop\jre\bin\server\jvm.dll
0x00007ffb80bb0000 - 0x00007ffb80c64000 	C:\WINDOWS\System32\ADVAPI32.dll
0x00007ffb7f600000 - 0x00007ffb7f6a6000 	C:\WINDOWS\System32\sechost.dll
0x00007ffb7eca0000 - 0x00007ffb7edb8000 	C:\WINDOWS\System32\RPCRT4.dll
0x00007ffb7dc60000 - 0x00007ffb7dcbe000 	C:\WINDOWS\SYSTEM32\POWRPROF.dll
0x00007ffb677b0000 - 0x00007ffb677ba000 	C:\WINDOWS\SYSTEM32\WSOCK32.dll
0x00007ffb7ef20000 - 0x00007ffb7ef94000 	C:\WINDOWS\System32\WS2_32.dll
0x00007ffb67a20000 - 0x00007ffb67a55000 	C:\WINDOWS\SYSTEM32\WINMM.dll
0x00007ffb76ef0000 - 0x00007ffb76efb000 	C:\WINDOWS\SYSTEM32\VERSION.dll
0x00007ffb7dc40000 - 0x00007ffb7dc54000 	C:\WINDOWS\SYSTEM32\UMPDC.dll
0x00007ffb7cb80000 - 0x00007ffb7cb9b000 	C:\WINDOWS\SYSTEM32\kernel.appcore.dll
0x00007ffb1c930000 - 0x00007ffb1c93a000 	C:\USERS\DELL\APPDATA\LOCAL\MICROSOFT\VISUALSTUDIO\17.0_35245C42\EXTENSIONS\XQCR2GCU.THN\Sloop\jre\bin\jimage.dll
0x00007ffb7b670000 - 0x00007ffb7b8b1000 	C:\WINDOWS\SYSTEM32\DBGHELP.DLL
0x00007ffb7f7e0000 - 0x00007ffb7fb66000 	C:\WINDOWS\System32\combase.dll
0x00007ffb80ac0000 - 0x00007ffb80ba0000 	C:\WINDOWS\System32\OLEAUT32.dll
0x00007ffb66c20000 - 0x00007ffb66c63000 	C:\WINDOWS\SYSTEM32\dbgcore.DLL
0x00007ffb7e280000 - 0x00007ffb7e319000 	C:\WINDOWS\System32\bcryptPrimitives.dll
0x00007ffa5e2a0000 - 0x00007ffa5e2c5000 	C:\USERS\DELL\APPDATA\LOCAL\MICROSOFT\VISUALSTUDIO\17.0_35245C42\EXTENSIONS\XQCR2GCU.THN\Sloop\jre\bin\java.dll
0x00007ffa5e1c0000 - 0x00007ffa5e297000 	C:\USERS\DELL\APPDATA\LOCAL\MICROSOFT\VISUALSTUDIO\17.0_35245C42\EXTENSIONS\XQCR2GCU.THN\Sloop\jre\bin\jsvml.dll
0x00007ffb7fc70000 - 0x00007ffb803ba000 	C:\WINDOWS\System32\SHELL32.dll
0x00007ffb7e710000 - 0x00007ffb7e884000 	C:\WINDOWS\System32\wintypes.dll
0x00007ffb7ba50000 - 0x00007ffb7c2ab000 	C:\WINDOWS\SYSTEM32\windows.storage.dll
0x00007ffb7efa0000 - 0x00007ffb7f095000 	C:\WINDOWS\System32\SHCORE.dll
0x00007ffb7ee70000 - 0x00007ffb7eeda000 	C:\WINDOWS\System32\shlwapi.dll
0x00007ffb7dd20000 - 0x00007ffb7dd4f000 	C:\WINDOWS\SYSTEM32\profapi.dll
0x00007ffa77cb0000 - 0x00007ffa77cc9000 	C:\Users\dell\AppData\Local\Microsoft\VisualStudio\17.0_35245c42\Extensions\xqcr2gcu.thn\Sloop\jre\bin\net.dll
0x00007ffb75dd0000 - 0x00007ffb75eee000 	C:\WINDOWS\SYSTEM32\WINHTTP.dll
0x00007ffb7d110000 - 0x00007ffb7d17a000 	C:\WINDOWS\system32\mswsock.dll
0x00007ffa5e170000 - 0x00007ffa5e186000 	C:\Users\dell\AppData\Local\Microsoft\VisualStudio\17.0_35245c42\Extensions\xqcr2gcu.thn\Sloop\jre\bin\nio.dll
0x00007ffa5e150000 - 0x00007ffa5e168000 	C:\Users\dell\AppData\Local\Microsoft\VisualStudio\17.0_35245c42\Extensions\xqcr2gcu.thn\Sloop\jre\bin\zip.dll
0x00007ffb69cf0000 - 0x00007ffb69d00000 	C:\USERS\DELL\APPDATA\LOCAL\MICROSOFT\VISUALSTUDIO\17.0_35245C42\EXTENSIONS\XQCR2GCU.THN\Sloop\jre\bin\verify.dll

dbghelp: loaded successfully - version: 4.0.5 - missing functions: none
symbol engine: initialized successfully - sym options: 0x614 - pdb path: .;C:\USERS\DELL\APPDATA\LOCAL\MICROSOFT\VISUALSTUDIO\17.0_35245C42\EXTENSIONS\XQCR2GCU.THN\Sloop\jre\bin;C:\WINDOWS\SYSTEM32;C:\WINDOWS\WinSxS\amd64_microsoft.windows.common-controls_6595b64144ccf1df_6.0.26100.4484_none_3e0e6d4ce32ef3b3;C:\USERS\DELL\APPDATA\LOCAL\MICROSOFT\VISUALSTUDIO\17.0_35245C42\EXTENSIONS\XQCR2GCU.THN\Sloop\jre\bin\server

VM Arguments:
java_command: org.sonarsource.sonarlint.core.backend.cli.SonarLintServerCli
java_class_path (initial): C:\USERS\DELL\APPDATA\LOCAL\MICROSOFT\VISUALSTUDIO\17.0_35245C42\EXTENSIONS\XQCR2GCU.THN\Sloop\lib\annotations-13.0.jar;C:\USERS\DELL\APPDATA\LOCAL\MICROSOFT\VISUALSTUDIO\17.0_35245C42\EXTENSIONS\XQCR2GCU.THN\Sloop\lib\checker-qual-3.43.0.jar;C:\USERS\DELL\APPDATA\LOCAL\MICROSOFT\VISUALSTUDIO\17.0_35245C42\EXTENSIONS\XQCR2GCU.THN\Sloop\lib\commons-codec-1.17.2.jar;C:\USERS\DELL\APPDATA\LOCAL\MICROSOFT\VISUALSTUDIO\17.0_35245C42\EXTENSIONS\XQCR2GCU.THN\Sloop\lib\commons-compress-1.27.1.jar;C:\USERS\DELL\APPDATA\LOCAL\MICROSOFT\VISUALSTUDIO\17.0_35245C42\EXTENSIONS\XQCR2GCU.THN\Sloop\lib\commons-csv-1.13.0.jar;C:\USERS\DELL\APPDATA\LOCAL\MICROSOFT\VISUALSTUDIO\17.0_35245C42\EXTENSIONS\XQCR2GCU.THN\Sloop\lib\commons-io-2.18.0.jar;C:\USERS\DELL\APPDATA\LOCAL\MICROSOFT\VISUALSTUDIO\17.0_35245C42\EXTENSIONS\XQCR2GCU.THN\Sloop\lib\commons-lang-2.6.jar;C:\USERS\DELL\APPDATA\LOCAL\MICROSOFT\VISUALSTUDIO\17.0_35245C42\EXTENSIONS\XQCR2GCU.THN\Sloop\lib\commons-lang3-3.17.0.jar;C:\USERS\DELL\APPDATA\LOCAL\MICROSOFT\VISUALSTUDIO\17.0_35245C42\EXTENSIONS\XQCR2GCU.THN\Sloop\lib\error_prone_annotations-2.36.0.jar;C:\USERS\DELL\APPDATA\LOCAL\MICROSOFT\VISUALSTUDIO\17.0_35245C42\EXTENSIONS\XQCR2GCU.THN\Sloop\lib\failureaccess-1.0.2.jar;C:\USERS\DELL\APPDATA\LOCAL\MICROSOFT\VISUALSTUDIO\17.0_35245C42\EXTENSIONS\XQCR2GCU.THN\Sloop\lib\git-files-blame-2.0.0.2053.jar;C:\USERS\DELL\APPDATA\LOCAL\MICROSOFT\VISUALSTUDIO\17.0_35245C42\EXTENSIONS\XQCR2GCU.THN\Sloop\lib\gson-2.10.jar;C:\USERS\DELL\APPDATA\LOCAL\MICROSOFT\VISUALSTUDIO\17.0_35245C42\EXTENSIONS\XQCR2GCU.THN\Sloop\lib\guava-33.4.0-jre.jar;C:\USERS\DELL\APPDATA\LOCAL\MICROSOFT\VISUALSTUDIO\17.0_35245C42\EXTENSIONS\XQCR2GCU.THN\Sloop\lib\httpclient5-5.4.4.jar;C:\USERS\DELL\APPDATA\LOCAL\MICROSOFT\VISUALSTUDIO\17.0_35245C42\EXTENSIONS\XQCR2GCU.THN\Sloop\lib\httpcore5-5.3.2.jar;C:\USERS\DELL\APPDATA\LOCAL\MICROSOFT\VISUALSTUDIO\17.0_35245C42\EXTENSIONS\XQCR2GCU.THN\Sloop\lib\httpcore5-h2-5.3.4.jar;C:\USERS
Launcher Type: SUN_STANDARD

[Global flags]
     intx CICompilerCount                          = 4                                         {product} {ergonomic}
     uint ConcGCThreads                            = 2                                         {product} {ergonomic}
     uint G1ConcRefinementThreads                  = 8                                         {product} {ergonomic}
   size_t G1HeapRegionSize                         = 1048576                                   {product} {ergonomic}
    uintx GCDrainStackTargetSize                   = 64                                        {product} {ergonomic}
   size_t InitialHeapSize                          = 134217728                                 {product} {ergonomic}
   size_t MarkStackSize                            = 4194304                                   {product} {ergonomic}
   size_t MaxHeapSize                              = 2116026368                                {product} {ergonomic}
   size_t MaxNewSize                               = 1268776960                                {product} {ergonomic}
   size_t MinHeapDeltaBytes                        = 1048576                                   {product} {ergonomic}
   size_t MinHeapSize                              = 8388608                                   {product} {ergonomic}
    uintx NonNMethodCodeHeapSize                   = 5839372                                {pd product} {ergonomic}
    uintx NonProfiledCodeHeapSize                  = 122909434                              {pd product} {ergonomic}
    uintx ProfiledCodeHeapSize                     = 122909434                              {pd product} {ergonomic}
    uintx ReservedCodeCacheSize                    = 251658240                              {pd product} {ergonomic}
     bool SegmentedCodeCache                       = true                                      {product} {ergonomic}
   size_t SoftMaxHeapSize                          = 2116026368                             {manageable} {ergonomic}
     bool UseCompressedClassPointers               = true                           {product lp64_product} {ergonomic}
     bool UseCompressedOops                        = true                           {product lp64_product} {ergonomic}
     bool UseG1GC                                  = true                                      {product} {ergonomic}
     bool UseLargePagesIndividualAllocation        = false                                  {pd product} {ergonomic}

Logging:
Log output configuration:
 #0: stdout all=warning uptime,level,tags
 #1: stderr all=off uptime,level,tags

Environment Variables:
JAVA_HOME=C:\Program Files\Java\jdk-21
PATH=C:\Program Files (x86)\VMware\VMware Workstation\bin\;C:\Program Files\Java\jdk1.8.0_341\bin;C:\Program Files\Java\jre1.8.0_341\bin;C:\Program Files (x86)\Common Files\Oracle\Java\javapath;C:\Program Files\Java\jdk1.8.0_311\bin;C:\Program Files\Microsoft MPI\Bin\;C:\Program Files\Git\cmd;C:\Program Files\Java\javacc-6.0.1\bin;C:\Program Files\Java\jre1.8.0_311\bin;C:\Users\dell\anaconda\Scripts;C:\Users\dell\anaconda\Library\bin;D:\DataBase\160\Tools\Binn\;C:\Program Files\Microsoft SQL Server\160\Tools\Binn\;C:\Program Files\Microsoft SQL Server\Client SDK\ODBC\170\Tools\Binn\;C:\Program Files\Microsoft SQL Server\160\DTS\Binn\;C:\Program Files\CMake\bin;C:\Program Files\Microsoft Visual Studio\2022\Community\VC\Tools\MSVC\14.29.30133\bin\HostX64\x64;C:\Program Files (x86)\Windows Kits\10\Windows Performance Toolkit\;C:\WINDOWS\system32;C:\WINDOWS;C:\WINDOWS\System32\Wbem;C:\WINDOWS\System32\WindowsPowerShell\v1.0\;C:\WINDOWS\System32\OpenSSH\;C:\Program Files\dotnet\;D:\DataBase\160\DTS\Binn\;C:\Program Files\Microsoft SQL Server\150\Tools\Binn\;C:\Program Files\nodejs\;C:\Users\dell\AppData\Local\Microsoft\WindowsApps;C:\Users\dell\AppData\Local\Programs\Microsoft VS Code\bin;C:\Program Files\Git\bin\;C:\Program Files\Git\cmd\;C:\Program Files\Azure Data Studio\bin;C:\src\flutter\bin;D:\Flutter\dart-sdk\bin;C:\Program Files\Java\jdk-21\bin;C:\Windows\System32;"C:\Program Files\Git\git-cmd.exe;";C:\Users\dell\AppData\Local\Pub\Cache\bin;C:\Users\dell\.dotnet\tools;C:\Users\dell\AppData\Local\Programs\cursor\resources\app\bin;C:\Users\dell\AppData\Roaming\npm
USERNAME=dell
OS=Windows_NT
PROCESSOR_IDENTIFIER=Intel64 Family 6 Model 142 Stepping 11, GenuineIntel
TMP=C:\Users\dell\AppData\Local\Temp
TEMP=C:\Users\dell\AppData\Local\Temp



Periodic native trim disabled


---------------  S Y S T E M  ---------------

OS:
 Windows 11 , 64 bit Build 26100 (10.0.26100.4484)
OS uptime: 0 days 9:19 hours

CPU: total 8 (initial active 8) (4 cores per cpu, 2 threads per core) family 6 model 142 stepping 11 microcode 0xf4, cx8, cmov, fxsr, ht, mmx, 3dnowpref, sse, sse2, sse3, ssse3, sse4.1, sse4.2, popcnt, lzcnt, tsc, tscinvbit, avx, avx2, aes, erms, clmul, bmi1, bmi2, adx, fma, vzeroupper, clflush, clflushopt
Processor Information for all 8 processors :
  Max Mhz: 1800, Current Mhz: 1600, Mhz Limit: 1584

Memory: 4k page, system-wide physical 8066M (459M free)
TotalPageFile size 19140M (AvailPageFile size 1M)
current process WorkingSet (physical memory assigned to process): 66M, peak: 66M
current process commit charge ("private bytes"): 226M, peak: 227M

vm_info: OpenJDK 64-Bit Server VM (17.0.9+9) for windows-amd64 JRE (17.0.9+9), built on Oct 26 2023 14:01:42 by "admin" with MS VC++ 16.10 / 16.11 (VS2019)

END.
