#
# There is insufficient memory for the Java Runtime Environment to continue.
# Native memory allocation (mmap) failed to map 134217728 bytes for G1 virtual space
# Possible reasons:
#   The system is out of physical RAM or swap space
#   The process is running with CompressedOops enabled, and the Java Heap may be blocking the growth of the native heap
# Possible solutions:
#   Reduce memory load on the system
#   Increase physical memory or swap space
#   Check if swap backing store is full
#   Decrease Java heap size (-Xmx/-Xms)
#   Decrease number of Java threads
#   Decrease Java thread stack sizes (-Xss)
#   Set larger code cache with -XX:ReservedCodeCacheSize=
#   JVM is running with Unscaled Compressed Oops mode in which the Java heap is
#     placed in the first 4GB address space. The Java Heap base address is the
#     maximum limit for the native heap growth. Please use -XX:HeapBaseMinAddress
#     to set the Java Heap base and to place the Java Heap above 4GB virtual address.
# This output file may be truncated or incomplete.
#
#  Out of Memory Error (os_windows.cpp:3613), pid=5020, tid=19216
#
# JRE version:  (17.0.9+9) (build )
# Java VM: OpenJDK 64-Bit Server VM (17.0.9+9, mixed mode, sharing, tiered, compressed oops, compressed class ptrs, g1 gc, windows-amd64)
# No core dump will be written. Minidumps are not enabled by default on client versions of Windows
#

---------------  S U M M A R Y ------------

Command Line: org.sonarsource.sonarlint.core.backend.cli.SonarLintServerCli

Host: Intel(R) Core(TM) i5-8265U CPU @ 1.60GHz, 8 cores, 7G,  Windows 11 , 64 bit Build 26100 (10.0.26100.4484)
Time: Sun Jul 20 01:24:31 2025 Egypt Daylight Time elapsed time: 0.065182 seconds (0d 0h 0m 0s)

---------------  T H R E A D  ---------------

Current thread (0x000001e4a06eddb0):  JavaThread "Unknown thread" [_thread_in_vm, id=19216, stack(0x000000d5c6000000,0x000000d5c6100000)]

Stack: [0x000000d5c6000000,0x000000d5c6100000]
Native frames: (J=compiled Java code, j=interpreted, Vv=VM code, C=native code)
V  [jvm.dll+0x67cf49]
V  [jvm.dll+0x83478a]
V  [jvm.dll+0x83624e]
V  [jvm.dll+0x8368b3]
V  [jvm.dll+0x247f1f]
V  [jvm.dll+0x679d69]
V  [jvm.dll+0x66e6ba]
V  [jvm.dll+0x307e5b]
V  [jvm.dll+0x30f306]
V  [jvm.dll+0x35f0ce]
V  [jvm.dll+0x35f2ff]
V  [jvm.dll+0x2dea58]
V  [jvm.dll+0x2df9c4]
V  [jvm.dll+0x806031]
V  [jvm.dll+0x36cf31]
V  [jvm.dll+0x7e4aac]
V  [jvm.dll+0x3f07af]
V  [jvm.dll+0x3f23e1]
C  [jli.dll+0x528f]
C  [ucrtbase.dll+0x37b0]
C  [KERNEL32.DLL+0x2e8d7]
C  [ntdll.dll+0x3c34c]


---------------  P R O C E S S  ---------------

Threads class SMR info:
_java_thread_list=0x00007ffa5edfee98, length=0, elements={
}

Java Threads: ( => current thread )

Other Threads:
  0x000001e4a074c1a0 GCTaskThread "GC Thread#0" [stack: 0x000000d5c6100000,0x000000d5c6200000] [id=17580]
  0x000001e4a075cd30 ConcurrentGCThread "G1 Main Marker" [stack: 0x000000d5c6200000,0x000000d5c6300000] [id=29360]
  0x000001e4a075d750 ConcurrentGCThread "G1 Conc#0" [stack: 0x000000d5c6300000,0x000000d5c6400000] [id=25844]

[error occurred during error reporting (printing all threads), id 0xc0000005, EXCEPTION_ACCESS_VIOLATION (0xc0000005) at pc=0x00007ffa5e5bf497]

VM state: not at safepoint (not fully initialized)

VM Mutex/Monitor currently owned by a thread:  ([mutex/lock_event])
[0x000001e4a045e650] Heap_lock - owner thread: 0x000001e4a06eddb0

Heap address: 0x0000000081e00000, size: 2018 MB, Compressed Oops mode: 32-bit

CDS archive(s) mapped at: [0x0000000000000000-0x0000000000000000-0x0000000000000000), size 0, SharedBaseAddress: 0x0000000800000000, ArchiveRelocationMode: 1.
Narrow klass base: 0x0000000000000000, Narrow klass shift: 0, Narrow klass range: 0x0

GC Precious Log:
<Empty>

Heap:
 garbage-first heap   total 0K, used 0K [0x0000000081e00000, 0x0000000100000000)
  region size 1024K, 0 young (0K), 0 survivors (0K)

[error occurred during error reporting (printing heap information), id 0xc0000005, EXCEPTION_ACCESS_VIOLATION (0xc0000005) at pc=0x00007ffa5e9a6c79]

GC Heap History (0 events):
No events

Dll operation events (1 events):
Event: 0.044 Loaded shared library C:\USERS\DELL\APPDATA\LOCAL\MICROSOFT\VISUALSTUDIO\17.0_35245C42\EXTENSIONS\XQCR2GCU.THN\Sloop\jre\bin\java.dll

Deoptimization events (0 events):
No events

Classes unloaded (0 events):
No events

Classes redefined (0 events):
No events

Internal exceptions (0 events):
No events

VM Operations (0 events):
No events

Events (0 events):
No events


Dynamic libraries:
0x00007ff67d970000 - 0x00007ff67d97e000 	C:\USERS\DELL\APPDATA\LOCAL\MICROSOFT\VISUALSTUDIO\17.0_35245C42\EXTENSIONS\XQCR2GCU.THN\Sloop\jre\bin\java.exe
0x00007ffb80cc0000 - 0x00007ffb80f28000 	C:\WINDOWS\SYSTEM32\ntdll.dll
0x00007ffb7f6b0000 - 0x00007ffb7f779000 	C:\WINDOWS\System32\KERNEL32.DLL
0x00007ffb7e320000 - 0x00007ffb7e70d000 	C:\WINDOWS\System32\KERNELBASE.dll
0x00007ffb7de10000 - 0x00007ffb7df5b000 	C:\WINDOWS\System32\ucrtbase.dll
0x00007ffb22c20000 - 0x00007ffb22c3b000 	C:\USERS\DELL\APPDATA\LOCAL\MICROSOFT\VISUALSTUDIO\17.0_35245C42\EXTENSIONS\XQCR2GCU.THN\Sloop\jre\bin\VCRUNTIME140.dll
0x00007ffa8f220000 - 0x00007ffa8f237000 	C:\USERS\DELL\APPDATA\LOCAL\MICROSOFT\VISUALSTUDIO\17.0_35245C42\EXTENSIONS\XQCR2GCU.THN\Sloop\jre\bin\jli.dll
0x00007ffb804a0000 - 0x00007ffb8066c000 	C:\WINDOWS\System32\USER32.dll
0x00007ffb7e250000 - 0x00007ffb7e277000 	C:\WINDOWS\System32\win32u.dll
0x00007ffb67ba0000 - 0x00007ffb67e3a000 	C:\WINDOWS\WinSxS\amd64_microsoft.windows.common-controls_6595b64144ccf1df_6.0.26100.4484_none_3e0e6d4ce32ef3b3\COMCTL32.dll
0x00007ffb7f780000 - 0x00007ffb7f7ab000 	C:\WINDOWS\System32\GDI32.dll
0x00007ffb80a00000 - 0x00007ffb80aa9000 	C:\WINDOWS\System32\msvcrt.dll
0x00007ffb7e890000 - 0x00007ffb7e9c7000 	C:\WINDOWS\System32\gdi32full.dll
0x00007ffb7df60000 - 0x00007ffb7e003000 	C:\WINDOWS\System32\msvcp_win.dll
0x00007ffb7eee0000 - 0x00007ffb7ef0f000 	C:\WINDOWS\System32\IMM32.DLL
0x00007ffb22c10000 - 0x00007ffb22c1c000 	C:\USERS\DELL\APPDATA\LOCAL\MICROSOFT\VISUALSTUDIO\17.0_35245C42\EXTENSIONS\XQCR2GCU.THN\Sloop\jre\bin\vcruntime140_1.dll
0x00007ffa5ef40000 - 0x00007ffa5efcd000 	C:\USERS\DELL\APPDATA\LOCAL\MICROSOFT\VISUALSTUDIO\17.0_35245C42\EXTENSIONS\XQCR2GCU.THN\Sloop\jre\bin\msvcp140.dll
0x00007ffa5e2d0000 - 0x00007ffa5ef31000 	C:\USERS\DELL\APPDATA\LOCAL\MICROSOFT\VISUALSTUDIO\17.0_35245C42\EXTENSIONS\XQCR2GCU.THN\Sloop\jre\bin\server\jvm.dll
0x00007ffb80bb0000 - 0x00007ffb80c64000 	C:\WINDOWS\System32\ADVAPI32.dll
0x00007ffb7f600000 - 0x00007ffb7f6a6000 	C:\WINDOWS\System32\sechost.dll
0x00007ffb7eca0000 - 0x00007ffb7edb8000 	C:\WINDOWS\System32\RPCRT4.dll
0x00007ffb7dc60000 - 0x00007ffb7dcbe000 	C:\WINDOWS\SYSTEM32\POWRPROF.dll
0x00007ffb677b0000 - 0x00007ffb677ba000 	C:\WINDOWS\SYSTEM32\WSOCK32.dll
0x00007ffb7ef20000 - 0x00007ffb7ef94000 	C:\WINDOWS\System32\WS2_32.dll
0x00007ffb67a20000 - 0x00007ffb67a55000 	C:\WINDOWS\SYSTEM32\WINMM.dll
0x00007ffb76ef0000 - 0x00007ffb76efb000 	C:\WINDOWS\SYSTEM32\VERSION.dll
0x00007ffb7dc40000 - 0x00007ffb7dc54000 	C:\WINDOWS\SYSTEM32\UMPDC.dll
0x00007ffb7cb80000 - 0x00007ffb7cb9b000 	C:\WINDOWS\SYSTEM32\kernel.appcore.dll
0x00007ffb1c930000 - 0x00007ffb1c93a000 	C:\USERS\DELL\APPDATA\LOCAL\MICROSOFT\VISUALSTUDIO\17.0_35245C42\EXTENSIONS\XQCR2GCU.THN\Sloop\jre\bin\jimage.dll
0x00007ffb7b670000 - 0x00007ffb7b8b1000 	C:\WINDOWS\SYSTEM32\DBGHELP.DLL
0x00007ffb7f7e0000 - 0x00007ffb7fb66000 	C:\WINDOWS\System32\combase.dll
0x00007ffb80ac0000 - 0x00007ffb80ba0000 	C:\WINDOWS\System32\OLEAUT32.dll
0x00007ffb66c20000 - 0x00007ffb66c63000 	C:\WINDOWS\SYSTEM32\dbgcore.DLL
0x00007ffb7e280000 - 0x00007ffb7e319000 	C:\WINDOWS\System32\bcryptPrimitives.dll
0x00007ffa5e2a0000 - 0x00007ffa5e2c5000 	C:\USERS\DELL\APPDATA\LOCAL\MICROSOFT\VISUALSTUDIO\17.0_35245C42\EXTENSIONS\XQCR2GCU.THN\Sloop\jre\bin\java.dll

dbghelp: loaded successfully - version: 4.0.5 - missing functions: none
symbol engine: initialized successfully - sym options: 0x614 - pdb path: .;C:\USERS\DELL\APPDATA\LOCAL\MICROSOFT\VISUALSTUDIO\17.0_35245C42\EXTENSIONS\XQCR2GCU.THN\Sloop\jre\bin;C:\WINDOWS\SYSTEM32;C:\WINDOWS\WinSxS\amd64_microsoft.windows.common-controls_6595b64144ccf1df_6.0.26100.4484_none_3e0e6d4ce32ef3b3;C:\USERS\DELL\APPDATA\LOCAL\MICROSOFT\VISUALSTUDIO\17.0_35245C42\EXTENSIONS\XQCR2GCU.THN\Sloop\jre\bin\server

VM Arguments:
java_command: org.sonarsource.sonarlint.core.backend.cli.SonarLintServerCli
java_class_path (initial): C:\USERS\DELL\APPDATA\LOCAL\MICROSOFT\VISUALSTUDIO\17.0_35245C42\EXTENSIONS\XQCR2GCU.THN\Sloop\lib\annotations-13.0.jar;C:\USERS\DELL\APPDATA\LOCAL\MICROSOFT\VISUALSTUDIO\17.0_35245C42\EXTENSIONS\XQCR2GCU.THN\Sloop\lib\checker-qual-3.43.0.jar;C:\USERS\DELL\APPDATA\LOCAL\MICROSOFT\VISUALSTUDIO\17.0_35245C42\EXTENSIONS\XQCR2GCU.THN\Sloop\lib\commons-codec-1.17.2.jar;C:\USERS\DELL\APPDATA\LOCAL\MICROSOFT\VISUALSTUDIO\17.0_35245C42\EXTENSIONS\XQCR2GCU.THN\Sloop\lib\commons-compress-1.27.1.jar;C:\USERS\DELL\APPDATA\LOCAL\MICROSOFT\VISUALSTUDIO\17.0_35245C42\EXTENSIONS\XQCR2GCU.THN\Sloop\lib\commons-csv-1.13.0.jar;C:\USERS\DELL\APPDATA\LOCAL\MICROSOFT\VISUALSTUDIO\17.0_35245C42\EXTENSIONS\XQCR2GCU.THN\Sloop\lib\commons-io-2.18.0.jar;C:\USERS\DELL\APPDATA\LOCAL\MICROSOFT\VISUALSTUDIO\17.0_35245C42\EXTENSIONS\XQCR2GCU.THN\Sloop\lib\commons-lang-2.6.jar;C:\USERS\DELL\APPDATA\LOCAL\MICROSOFT\VISUALSTUDIO\17.0_35245C42\EXTENSIONS\XQCR2GCU.THN\Sloop\lib\commons-lang3-3.17.0.jar;C:\USERS\DELL\APPDATA\LOCAL\MICROSOFT\VISUALSTUDIO\17.0_35245C42\EXTENSIONS\XQCR2GCU.THN\Sloop\lib\error_prone_annotations-2.36.0.jar;C:\USERS\DELL\APPDATA\LOCAL\MICROSOFT\VISUALSTUDIO\17.0_35245C42\EXTENSIONS\XQCR2GCU.THN\Sloop\lib\failureaccess-1.0.2.jar;C:\USERS\DELL\APPDATA\LOCAL\MICROSOFT\VISUALSTUDIO\17.0_35245C42\EXTENSIONS\XQCR2GCU.THN\Sloop\lib\git-files-blame-2.0.0.2053.jar;C:\USERS\DELL\APPDATA\LOCAL\MICROSOFT\VISUALSTUDIO\17.0_35245C42\EXTENSIONS\XQCR2GCU.THN\Sloop\lib\gson-2.10.jar;C:\USERS\DELL\APPDATA\LOCAL\MICROSOFT\VISUALSTUDIO\17.0_35245C42\EXTENSIONS\XQCR2GCU.THN\Sloop\lib\guava-33.4.0-jre.jar;C:\USERS\DELL\APPDATA\LOCAL\MICROSOFT\VISUALSTUDIO\17.0_35245C42\EXTENSIONS\XQCR2GCU.THN\Sloop\lib\httpclient5-5.4.4.jar;C:\USERS\DELL\APPDATA\LOCAL\MICROSOFT\VISUALSTUDIO\17.0_35245C42\EXTENSIONS\XQCR2GCU.THN\Sloop\lib\httpcore5-5.3.2.jar;C:\USERS\DELL\APPDATA\LOCAL\MICROSOFT\VISUALSTUDIO\17.0_35245C42\EXTENSIONS\XQCR2GCU.THN\Sloop\lib\httpcore5-h2-5.3.4.jar;C:\USERS
Launcher Type: SUN_STANDARD

[Global flags]
     intx CICompilerCount                          = 4                                         {product} {ergonomic}
     uint ConcGCThreads                            = 2                                         {product} {ergonomic}
     uint G1ConcRefinementThreads                  = 8                                         {product} {ergonomic}
   size_t G1HeapRegionSize                         = 1048576                                   {product} {ergonomic}
    uintx GCDrainStackTargetSize                   = 64                                        {product} {ergonomic}
   size_t InitialHeapSize                          = 134217728                                 {product} {ergonomic}
   size_t MarkStackSize                            = 4194304                                   {product} {ergonomic}
   size_t MaxHeapSize                              = 2116026368                                {product} {ergonomic}
   size_t MinHeapDeltaBytes                        = 1048576                                   {product} {ergonomic}
   size_t MinHeapSize                              = 8388608                                   {product} {ergonomic}
    uintx NonNMethodCodeHeapSize                   = 5839372                                {pd product} {ergonomic}
    uintx NonProfiledCodeHeapSize                  = 122909434                              {pd product} {ergonomic}
    uintx ProfiledCodeHeapSize                     = 122909434                              {pd product} {ergonomic}
    uintx ReservedCodeCacheSize                    = 251658240                              {pd product} {ergonomic}
     bool SegmentedCodeCache                       = true                                      {product} {ergonomic}
   size_t SoftMaxHeapSize                          = 2116026368                             {manageable} {ergonomic}
     bool UseCompressedClassPointers               = true                           {product lp64_product} {ergonomic}
     bool UseCompressedOops                        = true                           {product lp64_product} {ergonomic}
     bool UseG1GC                                  = true                                      {product} {ergonomic}
     bool UseLargePagesIndividualAllocation        = false                                  {pd product} {ergonomic}

Logging:
Log output configuration:
 #0: stdout all=warning uptime,level,tags
 #1: stderr all=off uptime,level,tags

Environment Variables:
JAVA_HOME=C:\Program Files\Java\jdk-21
PATH=C:\Program Files (x86)\VMware\VMware Workstation\bin\;C:\Program Files\Java\jdk1.8.0_341\bin;C:\Program Files\Java\jre1.8.0_341\bin;C:\Program Files (x86)\Common Files\Oracle\Java\javapath;C:\Program Files\Java\jdk1.8.0_311\bin;C:\Program Files\Microsoft MPI\Bin\;C:\Program Files\Git\cmd;C:\Program Files\Java\javacc-6.0.1\bin;C:\Program Files\Java\jre1.8.0_311\bin;C:\Users\dell\anaconda\Scripts;C:\Users\dell\anaconda\Library\bin;D:\DataBase\160\Tools\Binn\;C:\Program Files\Microsoft SQL Server\160\Tools\Binn\;C:\Program Files\Microsoft SQL Server\Client SDK\ODBC\170\Tools\Binn\;C:\Program Files\Microsoft SQL Server\160\DTS\Binn\;C:\Program Files\CMake\bin;C:\Program Files\Microsoft Visual Studio\2022\Community\VC\Tools\MSVC\14.29.30133\bin\HostX64\x64;C:\Program Files (x86)\Windows Kits\10\Windows Performance Toolkit\;C:\WINDOWS\system32;C:\WINDOWS;C:\WINDOWS\System32\Wbem;C:\WINDOWS\System32\WindowsPowerShell\v1.0\;C:\WINDOWS\System32\OpenSSH\;C:\Program Files\dotnet\;D:\DataBase\160\DTS\Binn\;C:\Program Files\Microsoft SQL Server\150\Tools\Binn\;C:\Program Files\nodejs\;C:\Users\dell\AppData\Local\Microsoft\WindowsApps;C:\Users\dell\AppData\Local\Programs\Microsoft VS Code\bin;C:\Program Files\Git\bin\;C:\Program Files\Git\cmd\;C:\Program Files\Azure Data Studio\bin;C:\src\flutter\bin;D:\Flutter\dart-sdk\bin;C:\Program Files\Java\jdk-21\bin;C:\Windows\System32;"C:\Program Files\Git\git-cmd.exe;";C:\Users\dell\AppData\Local\Pub\Cache\bin;C:\Users\dell\.dotnet\tools;C:\Users\dell\AppData\Local\Programs\cursor\resources\app\bin;C:\Users\dell\AppData\Roaming\npm
USERNAME=dell
OS=Windows_NT
PROCESSOR_IDENTIFIER=Intel64 Family 6 Model 142 Stepping 11, GenuineIntel
TMP=C:\Users\dell\AppData\Local\Temp
TEMP=C:\Users\dell\AppData\Local\Temp



Periodic native trim disabled


---------------  S Y S T E M  ---------------

OS:
 Windows 11 , 64 bit Build 26100 (10.0.26100.4484)
OS uptime: 0 days 9:19 hours

CPU: total 8 (initial active 8) (4 cores per cpu, 2 threads per core) family 6 model 142 stepping 11 microcode 0xf4, cx8, cmov, fxsr, ht, mmx, 3dnowpref, sse, sse2, sse3, ssse3, sse4.1, sse4.2, popcnt, lzcnt, tsc, tscinvbit, avx, avx2, aes, erms, clmul, bmi1, bmi2, adx, fma, vzeroupper, clflush, clflushopt
Processor Information for all 8 processors :
  Max Mhz: 1800, Current Mhz: 1600, Mhz Limit: 1584

Memory: 4k page, system-wide physical 8066M (797M free)
TotalPageFile size 19140M (AvailPageFile size 132M)
current process WorkingSet (physical memory assigned to process): 12M, peak: 12M
current process commit charge ("private bytes"): 60M, peak: 188M

vm_info: OpenJDK 64-Bit Server VM (17.0.9+9) for windows-amd64 JRE (17.0.9+9), built on Oct 26 2023 14:01:42 by "admin" with MS VC++ 16.10 / 16.11 (VS2019)

END.
